<?xml version="1.0" encoding="UTF-8"?>
<!-- Generated by org.testng.reporters.JUnitReportReporter -->
<testsuite hostname="DESKTOP-QF3EJD0" failures="0" tests="1" name="Maven_package.Rest_Assured" time="0.010" errors="0" timestamp="2022-05-25T17:49:30 IST" skipped="0">
  <testcase classname="Maven_package.Rest_Assured" name="rest" time="0.010"/>
  <system-out/>
</testsuite> <!-- Maven_package.Rest_Assured -->
