<?xml version="1.0" encoding="UTF-8"?>
<!-- Generated by org.testng.reporters.JUnitReportReporter -->
<testsuite hostname="DESKTOP-QF3EJD0" failures="0" tests="1" name="Maven_package.App" time="0.001" errors="0" timestamp="2022-05-25T20:48:05 IST" skipped="0">
  <testcase classname="Maven_package.App" name="appium" time="0.001"/>
  <system-out/>
</testsuite> <!-- Maven_package.App -->
